[2026-04-26T20:16:47.504Z] === Retreat on the Ridge — Image Optimization ===
[2026-04-26T20:16:47.579Z] sharp loaded OK
[2026-04-26T20:16:47.678Z] heic-convert loaded OK
[2026-04-26T20:16:47.679Z] 
--- Folder: 3-Experiences_ ---
[2026-04-26T20:16:47.679Z] SKIP (already WebP): bbq.webp
[2026-04-26T20:16:47.680Z] SKIP (already WebP): Bonfire.webp
[2026-04-26T20:16:47.681Z] Converting: Floating breakfast.CR2  →  Floating breakfast.webp
[2026-04-26T20:16:47.714Z]   ✓ Created: Floating breakfast.webp
[2026-04-26T20:16:47.720Z]   ✓ Deleted: Floating breakfast.CR2
[2026-04-26T20:16:47.720Z] Converting: High Tea.CR2  →  High Tea.webp
[2026-04-26T20:16:47.747Z]   ✓ Created: High Tea.webp
[2026-04-26T20:16:47.754Z]   ✓ Deleted: High Tea.CR2
[2026-04-26T20:16:47.757Z] SKIP (already WebP): Movie under the stars.webp
[2026-04-26T20:16:47.758Z] 
--- Folder: 4-Perfect for ---
[2026-04-26T20:16:47.758Z] SKIP (already WebP): Hillside Getaways.webp
[2026-04-26T20:16:47.759Z] SKIP (already WebP): Personal Celebrations.webp
[2026-04-26T20:16:47.759Z] Converting: Staycations.CR2  →  Staycations.webp
[2026-04-26T20:16:47.797Z]   ✓ Created: Staycations.webp
[2026-04-26T20:16:47.804Z]   ✓ Deleted: Staycations.CR2
[2026-04-26T20:16:47.806Z] SKIP (already WebP): Weekend Getaways.webp
[2026-04-26T20:16:47.807Z] 
=== Done ===
